mode: set
github.com/bryantanderson/go-job-assessor/cmd/api/main.go:18.31,47.83 12 0
github.com/bryantanderson/go-job-assessor/cmd/api/main.go:47.83,49.3 1 0
github.com/bryantanderson/go-job-assessor/cmd/api/main.go:52.13,55.2 2 0
github.com/bryantanderson/go-job-assessor/docs/docs.go:760.13,762.2 1 0
github.com/bryantanderson/go-job-assessor/internal/setup/settings.go:35.53,38.16 2 0
github.com/bryantanderson/go-job-assessor/internal/setup/settings.go:38.16,39.13 1 0
github.com/bryantanderson/go-job-assessor/internal/setup/settings.go:42.2,47.16 4 0
github.com/bryantanderson/go-job-assessor/internal/setup/settings.go:47.16,48.13 1 0
github.com/bryantanderson/go-job-assessor/internal/setup/settings.go:50.2,51.16 2 0
github.com/bryantanderson/go-job-assessor/internal/setup/settings.go:51.16,52.13 1 0
github.com/bryantanderson/go-job-assessor/internal/setup/settings.go:55.2,82.18 15 0
github.com/bryantanderson/go-job-assessor/internal/middleware/error.go:8.35,11.33 2 0
github.com/bryantanderson/go-job-assessor/internal/middleware/error.go:11.33,13.3 1 0
github.com/bryantanderson/go-job-assessor/internal/handlers/assess.go:13.41,15.2 2 0
github.com/bryantanderson/go-job-assessor/internal/handlers/assess.go:15.2,18.3 2 0
github.com/bryantanderson/go-job-assessor/internal/handlers/assess.go:32.56,33.30 1 0
github.com/bryantanderson/go-job-assessor/internal/handlers/assess.go:33.30,37.34 3 0
github.com/bryantanderson/go-job-assessor/internal/handlers/assess.go:37.34,40.4 2 0
github.com/bryantanderson/go-job-assessor/internal/handlers/assess.go:42.3,42.17 1 0
github.com/bryantanderson/go-job-assessor/internal/handlers/assess.go:42.17,45.4 2 0
github.com/bryantanderson/go-job-assessor/internal/handlers/assess.go:47.3,47.36 1 0
github.com/bryantanderson/go-job-assessor/internal/handlers/assess.go:62.58,63.30 1 0
github.com/bryantanderson/go-job-assessor/internal/handlers/assess.go:63.30,72.32 5 0
github.com/bryantanderson/go-job-assessor/internal/handlers/assess.go:72.32,77.22 3 0
github.com/bryantanderson/go-job-assessor/internal/handlers/assess.go:77.22,78.13 1 0
github.com/bryantanderson/go-job-assessor/internal/handlers/assess.go:81.4,81.19 1 0
github.com/bryantanderson/go-job-assessor/internal/handlers/assess.go:84.3,86.17 2 0
github.com/bryantanderson/go-job-assessor/internal/handlers/assess.go:86.17,89.4 2 0
github.com/bryantanderson/go-job-assessor/internal/handlers/assess.go:91.3,91.37 1 0
github.com/bryantanderson/go-job-assessor/internal/handlers/candidate.go:12.44,14.2 2 0
github.com/bryantanderson/go-job-assessor/internal/handlers/candidate.go:14.2,18.3 3 0
github.com/bryantanderson/go-job-assessor/internal/handlers/candidate.go:32.58,33.30 1 0
github.com/bryantanderson/go-job-assessor/internal/handlers/candidate.go:33.30,36.48 2 0
github.com/bryantanderson/go-job-assessor/internal/handlers/candidate.go:36.48,39.4 2 0
github.com/bryantanderson/go-job-assessor/internal/handlers/candidate.go:41.3,43.17 2 0
github.com/bryantanderson/go-job-assessor/internal/handlers/candidate.go:43.17,46.4 2 0
github.com/bryantanderson/go-job-assessor/internal/handlers/candidate.go:48.3,48.35 1 0
github.com/bryantanderson/go-job-assessor/internal/handlers/candidate.go:63.55,64.30 1 0
github.com/bryantanderson/go-job-assessor/internal/handlers/candidate.go:64.30,68.34 3 0
github.com/bryantanderson/go-job-assessor/internal/handlers/candidate.go:68.34,71.4 2 0
github.com/bryantanderson/go-job-assessor/internal/handlers/candidate.go:73.3,73.17 1 0
github.com/bryantanderson/go-job-assessor/internal/handlers/candidate.go:73.17,76.4 2 0
github.com/bryantanderson/go-job-assessor/internal/handlers/candidate.go:78.3,78.35 1 0
github.com/bryantanderson/go-job-assessor/internal/handlers/candidate.go:91.58,92.30 1 0
github.com/bryantanderson/go-job-assessor/internal/handlers/candidate.go:92.30,96.17 3 0
github.com/bryantanderson/go-job-assessor/internal/handlers/candidate.go:96.17,99.4 2 0
github.com/bryantanderson/go-job-assessor/internal/handlers/candidate.go:101.3,101.65 1 0
github.com/bryantanderson/go-job-assessor/internal/handlers/common.go:13.53,16.2 2 0
github.com/bryantanderson/go-job-assessor/internal/handlers/common.go:18.50,21.2 2 0
github.com/bryantanderson/go-job-assessor/internal/handlers/common.go:23.28,25.2 1 0
github.com/bryantanderson/go-job-assessor/internal/handlers/common.go:27.36,31.37 2 0
github.com/bryantanderson/go-job-assessor/internal/handlers/common.go:31.37,33.3 1 0
github.com/bryantanderson/go-job-assessor/internal/handlers/common.go:35.2,38.13 2 0
github.com/bryantanderson/go-job-assessor/internal/handlers/common.go:38.13,40.3 1 0
github.com/bryantanderson/go-job-assessor/internal/handlers/common.go:41.2,41.30 1 0
github.com/bryantanderson/go-job-assessor/internal/handlers/health.go:8.41,10.2 1 0
github.com/bryantanderson/go-job-assessor/internal/handlers/health.go:20.54,21.30 1 0
github.com/bryantanderson/go-job-assessor/internal/handlers/health.go:21.30,23.3 1 0
github.com/bryantanderson/go-job-assessor/internal/handlers/instrument.go:8.45,10.2 1 0
github.com/bryantanderson/go-job-assessor/internal/handlers/scrape.go:12.41,14.2 2 0
github.com/bryantanderson/go-job-assessor/internal/handlers/scrape.go:14.2,17.3 2 0
github.com/bryantanderson/go-job-assessor/internal/handlers/scrape.go:30.53,31.30 1 0
github.com/bryantanderson/go-job-assessor/internal/handlers/scrape.go:31.30,34.52 2 0
github.com/bryantanderson/go-job-assessor/internal/handlers/scrape.go:34.52,37.4 2 0
github.com/bryantanderson/go-job-assessor/internal/handlers/scrape.go:39.3,40.37 2 0
github.com/bryantanderson/go-job-assessor/internal/handlers/scrape.go:55.56,56.30 1 0
github.com/bryantanderson/go-job-assessor/internal/handlers/scrape.go:56.30,59.19 2 0
github.com/bryantanderson/go-job-assessor/internal/handlers/scrape.go:59.19,62.4 2 0
github.com/bryantanderson/go-job-assessor/internal/handlers/scrape.go:64.3,66.25 2 0
github.com/bryantanderson/go-job-assessor/internal/handlers/scrape.go:66.25,69.4 2 0
github.com/bryantanderson/go-job-assessor/internal/handlers/scrape.go:71.3,71.37 1 0
github.com/bryantanderson/go-job-assessor/internal/handlers/server.go:26.61,32.2 2 0
github.com/bryantanderson/go-job-assessor/internal/handlers/server.go:38.3,88.2 22 0
github.com/bryantanderson/go-job-assessor/internal/handlers/server.go:90.26,92.2 1 0
github.com/bryantanderson/go-job-assessor/internal/database/assess.go:21.81,28.2 1 0
github.com/bryantanderson/go-job-assessor/internal/database/assess.go:30.60,34.16 3 0
github.com/bryantanderson/go-job-assessor/internal/database/assess.go:34.16,37.3 2 0
github.com/bryantanderson/go-job-assessor/internal/database/assess.go:39.2,41.12 3 0
github.com/bryantanderson/go-job-assessor/internal/database/assess.go:44.81,48.2 3 0
github.com/bryantanderson/go-job-assessor/internal/database/assess.go:50.90,54.2 3 0
github.com/bryantanderson/go-job-assessor/internal/database/assess.go:56.83,60.2 3 0
github.com/bryantanderson/go-job-assessor/internal/database/assess.go:62.87,70.27 2 0
github.com/bryantanderson/go-job-assessor/internal/database/assess.go:70.27,74.3 1 0
github.com/bryantanderson/go-job-assessor/internal/database/assess.go:75.2,77.16 2 0
github.com/bryantanderson/go-job-assessor/internal/database/assess.go:77.16,80.3 2 0
github.com/bryantanderson/go-job-assessor/internal/database/assess.go:82.2,85.36 3 0
github.com/bryantanderson/go-job-assessor/internal/database/assess.go:85.36,89.3 3 0
github.com/bryantanderson/go-job-assessor/internal/database/assess.go:91.2,91.30 1 0
github.com/bryantanderson/go-job-assessor/internal/database/assess.go:94.51,98.16 2 0
github.com/bryantanderson/go-job-assessor/internal/database/assess.go:98.16,101.3 2 0
github.com/bryantanderson/go-job-assessor/internal/database/assess.go:104.2,107.16 3 0
github.com/bryantanderson/go-job-assessor/internal/database/assess.go:107.16,110.3 2 0
github.com/bryantanderson/go-job-assessor/internal/database/assess.go:113.2,114.12 2 0
github.com/bryantanderson/go-job-assessor/internal/database/assess.go:117.65,119.2 1 0
github.com/bryantanderson/go-job-assessor/internal/database/candidate.go:16.61,21.2 1 0
github.com/bryantanderson/go-job-assessor/internal/database/candidate.go:23.62,25.16 2 0
github.com/bryantanderson/go-job-assessor/internal/database/candidate.go:25.16,27.3 1 0
github.com/bryantanderson/go-job-assessor/internal/database/candidate.go:28.2,29.12 2 0
github.com/bryantanderson/go-job-assessor/internal/database/candidate.go:32.75,35.16 3 0
github.com/bryantanderson/go-job-assessor/internal/database/candidate.go:35.16,38.3 2 0
github.com/bryantanderson/go-job-assessor/internal/database/candidate.go:39.2,39.24 1 0
github.com/bryantanderson/go-job-assessor/internal/database/candidate.go:42.50,45.2 2 0
github.com/bryantanderson/go-job-assessor/internal/database/candidate.go:47.60,49.2 1 0
github.com/bryantanderson/go-job-assessor/internal/database/common.go:5.67,7.2 1 0
github.com/bryantanderson/go-job-assessor/internal/database/db.go:24.72,30.2 5 0
github.com/bryantanderson/go-job-assessor/internal/database/db.go:32.28,35.16 3 0
github.com/bryantanderson/go-job-assessor/internal/database/db.go:35.16,37.40 2 0
github.com/bryantanderson/go-job-assessor/internal/database/db.go:38.8,40.3 1 0
github.com/bryantanderson/go-job-assessor/internal/database/db.go:43.34,44.67 1 0
github.com/bryantanderson/go-job-assessor/internal/database/db.go:44.67,46.3 1 0
github.com/bryantanderson/go-job-assessor/internal/database/db.go:47.2,47.12 1 0
github.com/bryantanderson/go-job-assessor/internal/database/elastic.go:28.84,35.16 2 0
github.com/bryantanderson/go-job-assessor/internal/database/elastic.go:35.16,36.13 1 0
github.com/bryantanderson/go-job-assessor/internal/database/elastic.go:38.2,44.36 3 0
github.com/bryantanderson/go-job-assessor/internal/database/elastic.go:44.36,47.17 2 0
github.com/bryantanderson/go-job-assessor/internal/database/elastic.go:47.17,48.55 1 0
github.com/bryantanderson/go-job-assessor/internal/database/elastic.go:48.55,50.5 1 0
github.com/bryantanderson/go-job-assessor/internal/database/elastic.go:50.10,52.5 1 0
github.com/bryantanderson/go-job-assessor/internal/database/elastic.go:56.2,56.16 1 0
github.com/bryantanderson/go-job-assessor/internal/database/elastic.go:59.78,64.2 4 0
github.com/bryantanderson/go-job-assessor/internal/database/elastic.go:66.88,71.2 4 0
github.com/bryantanderson/go-job-assessor/internal/database/elastic.go:73.99,78.2 4 0
github.com/bryantanderson/go-job-assessor/internal/database/elastic.go:80.105,85.2 4 0
github.com/bryantanderson/go-job-assessor/internal/database/elastic.go:87.129,92.2 4 0
github.com/bryantanderson/go-job-assessor/internal/database/elastic.go:94.119,99.2 4 0
github.com/bryantanderson/go-job-assessor/internal/database/job.go:20.75,26.2 1 0
github.com/bryantanderson/go-job-assessor/internal/database/job.go:28.50,31.16 2 0
github.com/bryantanderson/go-job-assessor/internal/database/job.go:31.16,34.3 2 0
github.com/bryantanderson/go-job-assessor/internal/database/job.go:36.2,38.12 3 0
github.com/bryantanderson/go-job-assessor/internal/database/job.go:41.77,49.27 2 0
github.com/bryantanderson/go-job-assessor/internal/database/job.go:49.27,53.3 1 0
github.com/bryantanderson/go-job-assessor/internal/database/job.go:54.2,56.16 2 0
github.com/bryantanderson/go-job-assessor/internal/database/job.go:56.16,59.3 2 0
github.com/bryantanderson/go-job-assessor/internal/database/job.go:61.2,64.36 3 0
github.com/bryantanderson/go-job-assessor/internal/database/job.go:64.36,68.3 3 0
github.com/bryantanderson/go-job-assessor/internal/database/job.go:70.2,70.23 1 0
github.com/bryantanderson/go-job-assessor/internal/database/job.go:73.54,75.2 1 0
github.com/bryantanderson/go-job-assessor/internal/services/assess.go:115.122,126.2 3 1
github.com/bryantanderson/go-job-assessor/internal/services/assess.go:128.49,129.20 1 1
github.com/bryantanderson/go-job-assessor/internal/services/assess.go:129.20,133.36 4 0
github.com/bryantanderson/go-job-assessor/internal/services/assess.go:133.36,135.4 1 0
github.com/bryantanderson/go-job-assessor/internal/services/assess.go:136.3,136.68 1 0
github.com/bryantanderson/go-job-assessor/internal/services/assess.go:138.2,138.34 1 1
github.com/bryantanderson/go-job-assessor/internal/services/assess.go:141.62,143.6 2 0
github.com/bryantanderson/go-job-assessor/internal/services/assess.go:143.6,146.10 2 0
github.com/bryantanderson/go-job-assessor/internal/services/assess.go:146.10,148.9 1 0
github.com/bryantanderson/go-job-assessor/internal/services/assess.go:151.3,154.17 3 0
github.com/bryantanderson/go-job-assessor/internal/services/assess.go:154.17,156.12 2 0
github.com/bryantanderson/go-job-assessor/internal/services/assess.go:159.3,159.29 1 0
github.com/bryantanderson/go-job-assessor/internal/services/assess.go:163.67,174.16 4 1
github.com/bryantanderson/go-job-assessor/internal/services/assess.go:174.16,177.3 2 0
github.com/bryantanderson/go-job-assessor/internal/services/assess.go:181.2,192.10 8 1
github.com/bryantanderson/go-job-assessor/internal/services/assess.go:192.10,192.47 1 1
github.com/bryantanderson/go-job-assessor/internal/services/assess.go:193.10,193.59 1 1
github.com/bryantanderson/go-job-assessor/internal/services/assess.go:194.10,194.63 1 1
github.com/bryantanderson/go-job-assessor/internal/services/assess.go:195.10,195.64 1 1
github.com/bryantanderson/go-job-assessor/internal/services/assess.go:196.10,196.91 1 1
github.com/bryantanderson/go-job-assessor/internal/services/assess.go:197.10,197.81 1 1
github.com/bryantanderson/go-job-assessor/internal/services/assess.go:199.2,199.26 1 1
github.com/bryantanderson/go-job-assessor/internal/services/assess.go:199.26,202.3 2 1
github.com/bryantanderson/go-job-assessor/internal/services/assess.go:203.2,203.12 1 1
github.com/bryantanderson/go-job-assessor/internal/services/assess.go:203.12,206.3 2 1
github.com/bryantanderson/go-job-assessor/internal/services/assess.go:212.2,212.9 1 1
github.com/bryantanderson/go-job-assessor/internal/services/assess.go:213.24,215.11 2 0
github.com/bryantanderson/go-job-assessor/internal/services/assess.go:217.20,218.31 1 0
github.com/bryantanderson/go-job-assessor/internal/services/assess.go:220.33,222.11 2 0
github.com/bryantanderson/go-job-assessor/internal/services/assess.go:224.16,229.17 4 1
github.com/bryantanderson/go-job-assessor/internal/services/assess.go:229.17,231.4 1 0
github.com/bryantanderson/go-job-assessor/internal/services/assess.go:235.77,238.2 2 1
github.com/bryantanderson/go-job-assessor/internal/services/assess.go:240.93,242.2 1 1
github.com/bryantanderson/go-job-assessor/internal/services/assess.go:244.74,248.41 2 1
github.com/bryantanderson/go-job-assessor/internal/services/assess.go:248.41,250.3 1 0
github.com/bryantanderson/go-job-assessor/internal/services/assess.go:252.2,265.16 5 1
github.com/bryantanderson/go-job-assessor/internal/services/assess.go:265.16,268.3 2 0
github.com/bryantanderson/go-job-assessor/internal/services/assess.go:270.2,274.26 2 1
github.com/bryantanderson/go-job-assessor/internal/services/assess.go:277.64,279.2 1 1
github.com/bryantanderson/go-job-assessor/internal/services/assess.go:287.138,292.16 4 1
github.com/bryantanderson/go-job-assessor/internal/services/assess.go:292.16,296.3 3 0
github.com/bryantanderson/go-job-assessor/internal/services/assess.go:298.2,300.16 2 1
github.com/bryantanderson/go-job-assessor/internal/services/assess.go:300.16,304.3 3 0
github.com/bryantanderson/go-job-assessor/internal/services/assess.go:306.2,322.9 3 1
github.com/bryantanderson/go-job-assessor/internal/services/assess.go:323.20,325.9 2 0
github.com/bryantanderson/go-job-assessor/internal/services/assess.go:326.10,329.17 2 1
github.com/bryantanderson/go-job-assessor/internal/services/assess.go:329.17,333.4 3 0
github.com/bryantanderson/go-job-assessor/internal/services/assess.go:336.2,339.41 4 1
github.com/bryantanderson/go-job-assessor/internal/services/assess.go:342.139,347.16 4 1
github.com/bryantanderson/go-job-assessor/internal/services/assess.go:347.16,351.3 3 0
github.com/bryantanderson/go-job-assessor/internal/services/assess.go:353.2,366.9 3 1
github.com/bryantanderson/go-job-assessor/internal/services/assess.go:367.20,369.9 2 0
github.com/bryantanderson/go-job-assessor/internal/services/assess.go:370.10,373.17 2 1
github.com/bryantanderson/go-job-assessor/internal/services/assess.go:373.17,377.4 3 0
github.com/bryantanderson/go-job-assessor/internal/services/assess.go:380.2,383.42 4 1
github.com/bryantanderson/go-job-assessor/internal/services/assess.go:386.134,389.32 3 1
github.com/bryantanderson/go-job-assessor/internal/services/assess.go:389.32,392.3 2 1
github.com/bryantanderson/go-job-assessor/internal/services/assess.go:392.8,392.63 1 1
github.com/bryantanderson/go-job-assessor/internal/services/assess.go:392.63,395.3 2 1
github.com/bryantanderson/go-job-assessor/internal/services/assess.go:397.2,410.9 3 1
github.com/bryantanderson/go-job-assessor/internal/services/assess.go:411.20,413.9 2 0
github.com/bryantanderson/go-job-assessor/internal/services/assess.go:414.10,417.17 2 1
github.com/bryantanderson/go-job-assessor/internal/services/assess.go:417.17,421.4 3 0
github.com/bryantanderson/go-job-assessor/internal/services/assess.go:424.2,427.37 4 1
github.com/bryantanderson/go-job-assessor/internal/services/assess.go:430.66,437.2 4 1
github.com/bryantanderson/go-job-assessor/internal/services/assess.go:439.157,444.16 4 1
github.com/bryantanderson/go-job-assessor/internal/services/assess.go:444.16,448.3 3 0
github.com/bryantanderson/go-job-assessor/internal/services/assess.go:450.2,452.16 2 1
github.com/bryantanderson/go-job-assessor/internal/services/assess.go:452.16,456.3 3 0
github.com/bryantanderson/go-job-assessor/internal/services/assess.go:458.2,469.9 3 1
github.com/bryantanderson/go-job-assessor/internal/services/assess.go:470.20,472.9 2 0
github.com/bryantanderson/go-job-assessor/internal/services/assess.go:473.10,476.17 2 1
github.com/bryantanderson/go-job-assessor/internal/services/assess.go:476.17,480.4 3 0
github.com/bryantanderson/go-job-assessor/internal/services/assess.go:483.2,486.45 4 1
github.com/bryantanderson/go-job-assessor/internal/services/assess.go:489.147,494.16 4 1
github.com/bryantanderson/go-job-assessor/internal/services/assess.go:494.16,498.3 3 0
github.com/bryantanderson/go-job-assessor/internal/services/assess.go:500.2,502.16 2 1
github.com/bryantanderson/go-job-assessor/internal/services/assess.go:502.16,506.3 3 0
github.com/bryantanderson/go-job-assessor/internal/services/assess.go:508.2,518.9 3 1
github.com/bryantanderson/go-job-assessor/internal/services/assess.go:519.20,521.9 2 0
github.com/bryantanderson/go-job-assessor/internal/services/assess.go:522.10,525.17 2 1
github.com/bryantanderson/go-job-assessor/internal/services/assess.go:525.17,529.4 3 0
github.com/bryantanderson/go-job-assessor/internal/services/assess.go:532.2,534.16 3 1
github.com/bryantanderson/go-job-assessor/internal/services/assess.go:537.93,541.59 4 1
github.com/bryantanderson/go-job-assessor/internal/services/assess.go:541.59,544.56 3 0
github.com/bryantanderson/go-job-assessor/internal/services/assess.go:544.56,546.4 1 0
github.com/bryantanderson/go-job-assessor/internal/services/assess.go:547.3,549.23 3 0
github.com/bryantanderson/go-job-assessor/internal/services/assess.go:551.2,556.39 5 1
github.com/bryantanderson/go-job-assessor/internal/services/assess.go:561.53,566.72 5 1
github.com/bryantanderson/go-job-assessor/internal/services/assess.go:566.72,568.3 1 0
github.com/bryantanderson/go-job-assessor/internal/services/assess.go:569.2,569.76 1 1
github.com/bryantanderson/go-job-assessor/internal/services/assess.go:569.76,571.3 1 0
github.com/bryantanderson/go-job-assessor/internal/services/assess.go:572.2,572.29 1 1
github.com/bryantanderson/go-job-assessor/internal/services/assess.go:572.29,574.3 1 1
github.com/bryantanderson/go-job-assessor/internal/services/assess.go:575.2,575.23 1 1
github.com/bryantanderson/go-job-assessor/internal/services/assess.go:575.23,577.3 1 1
github.com/bryantanderson/go-job-assessor/internal/services/assess.go:578.2,578.45 1 1
github.com/bryantanderson/go-job-assessor/internal/services/assess.go:578.45,580.3 1 0
github.com/bryantanderson/go-job-assessor/internal/services/assess.go:581.2,582.35 2 1
github.com/bryantanderson/go-job-assessor/internal/services/candidate.go:56.73,60.2 1 1
github.com/bryantanderson/go-job-assessor/internal/services/candidate.go:62.83,65.31 2 1
github.com/bryantanderson/go-job-assessor/internal/services/candidate.go:65.31,70.3 2 1
github.com/bryantanderson/go-job-assessor/internal/services/candidate.go:72.2,82.16 3 1
github.com/bryantanderson/go-job-assessor/internal/services/candidate.go:82.16,85.3 2 1
github.com/bryantanderson/go-job-assessor/internal/services/candidate.go:87.2,87.24 1 1
github.com/bryantanderson/go-job-assessor/internal/services/candidate.go:90.72,93.16 2 1
github.com/bryantanderson/go-job-assessor/internal/services/candidate.go:93.16,96.3 2 1
github.com/bryantanderson/go-job-assessor/internal/services/candidate.go:98.2,98.23 1 1
github.com/bryantanderson/go-job-assessor/internal/services/candidate.go:101.61,103.2 1 1
github.com/bryantanderson/go-job-assessor/internal/services/common.go:9.49,11.2 1 1
github.com/bryantanderson/go-job-assessor/internal/services/common.go:13.33,14.16 1 0
github.com/bryantanderson/go-job-assessor/internal/services/common.go:14.16,15.13 1 0
github.com/bryantanderson/go-job-assessor/internal/services/common.go:19.60,21.55 1 0
github.com/bryantanderson/go-job-assessor/internal/services/common.go:21.55,23.3 1 0
github.com/bryantanderson/go-job-assessor/internal/services/common.go:24.2,24.16 1 0
github.com/bryantanderson/go-job-assessor/internal/services/common.go:27.51,29.16 2 1
github.com/bryantanderson/go-job-assessor/internal/services/common.go:29.16,31.3 1 0
github.com/bryantanderson/go-job-assessor/internal/services/common.go:32.2,32.31 1 1
github.com/bryantanderson/go-job-assessor/internal/services/common.go:35.51,37.2 1 1
github.com/bryantanderson/go-job-assessor/internal/services/email.go:9.44,14.2 2 0
github.com/bryantanderson/go-job-assessor/internal/services/event.go:36.91,60.2 11 0
github.com/bryantanderson/go-job-assessor/internal/services/event.go:62.54,64.2 1 0
github.com/bryantanderson/go-job-assessor/internal/services/event.go:66.36,67.33 1 0
github.com/bryantanderson/go-job-assessor/internal/services/event.go:67.33,69.3 1 0
github.com/bryantanderson/go-job-assessor/internal/services/event.go:72.50,74.9 2 0
github.com/bryantanderson/go-job-assessor/internal/services/event.go:74.9,77.3 2 0
github.com/bryantanderson/go-job-assessor/internal/services/event.go:79.2,88.16 5 0
github.com/bryantanderson/go-job-assessor/internal/services/event.go:88.16,90.3 1 0
github.com/bryantanderson/go-job-assessor/internal/services/event.go:93.83,95.6 2 0
github.com/bryantanderson/go-job-assessor/internal/services/event.go:95.6,97.17 2 0
github.com/bryantanderson/go-job-assessor/internal/services/event.go:97.17,99.4 1 0
github.com/bryantanderson/go-job-assessor/internal/services/event.go:100.3,100.30 1 0
github.com/bryantanderson/go-job-assessor/internal/services/event.go:100.30,103.19 2 0
github.com/bryantanderson/go-job-assessor/internal/services/event.go:103.19,105.5 1 0
github.com/bryantanderson/go-job-assessor/internal/services/event.go:107.4,112.18 4 0
github.com/bryantanderson/go-job-assessor/internal/services/event.go:112.18,114.5 1 0
github.com/bryantanderson/go-job-assessor/internal/services/event.go:119.91,121.8 2 0
github.com/bryantanderson/go-job-assessor/internal/services/event.go:121.8,123.3 1 0
github.com/bryantanderson/go-job-assessor/internal/services/event.go:124.2,124.46 1 0
github.com/bryantanderson/go-job-assessor/internal/services/event.go:127.94,138.2 6 0
github.com/bryantanderson/go-job-assessor/internal/services/event.go:140.36,141.34 1 0
github.com/bryantanderson/go-job-assessor/internal/services/event.go:141.34,143.3 1 0
github.com/bryantanderson/go-job-assessor/internal/services/event.go:144.2,144.37 1 0
github.com/bryantanderson/go-job-assessor/internal/services/event.go:144.37,146.3 1 0
github.com/bryantanderson/go-job-assessor/internal/services/event.go:147.2,147.32 1 0
github.com/bryantanderson/go-job-assessor/internal/services/job.go:54.15,65.2 3 0
github.com/bryantanderson/go-job-assessor/internal/services/job.go:67.44,68.20 1 0
github.com/bryantanderson/go-job-assessor/internal/services/job.go:68.20,72.36 4 0
github.com/bryantanderson/go-job-assessor/internal/services/job.go:72.36,74.4 1 0
github.com/bryantanderson/go-job-assessor/internal/services/job.go:75.3,75.68 1 0
github.com/bryantanderson/go-job-assessor/internal/services/job.go:77.2,77.34 1 0
github.com/bryantanderson/go-job-assessor/internal/services/job.go:80.57,82.6 2 0
github.com/bryantanderson/go-job-assessor/internal/services/job.go:82.6,86.10 3 0
github.com/bryantanderson/go-job-assessor/internal/services/job.go:86.10,88.9 1 0
github.com/bryantanderson/go-job-assessor/internal/services/job.go:91.3,91.30 1 0
github.com/bryantanderson/go-job-assessor/internal/services/job.go:95.55,106.16 4 0
github.com/bryantanderson/go-job-assessor/internal/services/job.go:106.16,109.3 2 0
github.com/bryantanderson/go-job-assessor/internal/services/job.go:111.2,113.16 2 0
github.com/bryantanderson/go-job-assessor/internal/services/job.go:113.16,116.3 2 0
github.com/bryantanderson/go-job-assessor/internal/services/job.go:118.2,123.32 2 0
github.com/bryantanderson/go-job-assessor/internal/services/job.go:126.70,129.16 2 0
github.com/bryantanderson/go-job-assessor/internal/services/job.go:129.16,132.3 2 0
github.com/bryantanderson/go-job-assessor/internal/services/job.go:134.2,145.16 4 0
github.com/bryantanderson/go-job-assessor/internal/services/job.go:145.16,148.3 2 0
github.com/bryantanderson/go-job-assessor/internal/services/job.go:150.2,153.16 3 0
github.com/bryantanderson/go-job-assessor/internal/services/job.go:153.16,156.3 2 0
github.com/bryantanderson/go-job-assessor/internal/services/job.go:158.2,158.12 1 0
github.com/bryantanderson/go-job-assessor/internal/services/job.go:161.74,163.2 1 0
github.com/bryantanderson/go-job-assessor/internal/services/llm.go:19.57,30.2 4 0
github.com/bryantanderson/go-job-assessor/internal/services/llm.go:32.72,44.2 5 0
github.com/bryantanderson/go-job-assessor/internal/services/llm.go:47.91,59.2 1 0
github.com/bryantanderson/go-job-assessor/internal/services/scraper.go:40.105,47.2 2 0
github.com/bryantanderson/go-job-assessor/internal/services/scraper.go:49.79,58.64 4 0
github.com/bryantanderson/go-job-assessor/internal/services/scraper.go:58.64,60.96 1 0
github.com/bryantanderson/go-job-assessor/internal/services/scraper.go:60.96,65.4 3 0
github.com/bryantanderson/go-job-assessor/internal/services/scraper.go:68.2,68.66 1 0
github.com/bryantanderson/go-job-assessor/internal/services/scraper.go:68.66,76.49 6 0
github.com/bryantanderson/go-job-assessor/internal/services/scraper.go:76.49,79.4 2 0
github.com/bryantanderson/go-job-assessor/internal/services/scraper.go:81.3,88.13 6 0
github.com/bryantanderson/go-job-assessor/internal/services/scraper.go:88.13,91.18 2 0
github.com/bryantanderson/go-job-assessor/internal/services/scraper.go:91.18,94.5 2 0
github.com/bryantanderson/go-job-assessor/internal/services/scraper.go:96.4,101.47 2 0
github.com/bryantanderson/go-job-assessor/internal/services/scraper.go:105.2,106.13 2 0
github.com/bryantanderson/go-job-assessor/internal/services/scraper.go:109.91,116.16 5 0
github.com/bryantanderson/go-job-assessor/internal/services/scraper.go:116.16,118.3 1 0
github.com/bryantanderson/go-job-assessor/internal/services/scraper.go:120.2,120.32 1 0
github.com/bryantanderson/go-job-assessor/internal/services/scraper.go:120.32,128.35 5 0
github.com/bryantanderson/go-job-assessor/internal/services/scraper.go:128.35,129.12 1 0
github.com/bryantanderson/go-job-assessor/internal/services/scraper.go:132.3,135.25 3 0
github.com/bryantanderson/go-job-assessor/internal/services/scraper.go:137.2,137.12 1 0
github.com/bryantanderson/go-job-assessor/internal/services/scraper.go:140.69,141.42 1 0
github.com/bryantanderson/go-job-assessor/internal/services/scraper.go:141.42,143.3 1 0
github.com/bryantanderson/go-job-assessor/internal/services/scraper.go:144.2,144.44 1 0
github.com/bryantanderson/go-job-assessor/internal/services/scraper.go:144.44,146.3 1 0
github.com/bryantanderson/go-job-assessor/internal/services/scraper.go:147.2,147.43 1 0
github.com/bryantanderson/go-job-assessor/internal/services/scraper.go:147.43,149.3 1 0
github.com/bryantanderson/go-job-assessor/internal/services/scraper.go:150.2,150.52 1 0
github.com/bryantanderson/go-job-assessor/internal/services/scraper.go:150.52,152.3 1 0
github.com/bryantanderson/go-job-assessor/internal/services/scraper.go:155.69,157.8 2 0
github.com/bryantanderson/go-job-assessor/internal/services/scraper.go:157.8,159.3 1 0
github.com/bryantanderson/go-job-assessor/internal/services/scraper.go:160.2,163.21 4 0
github.com/bryantanderson/go-job-assessor/internal/setup/settings.go:35.53,38.16 2 0
github.com/bryantanderson/go-job-assessor/internal/setup/settings.go:38.16,39.13 1 0
github.com/bryantanderson/go-job-assessor/internal/setup/settings.go:42.2,47.16 4 0
github.com/bryantanderson/go-job-assessor/internal/setup/settings.go:47.16,48.13 1 0
github.com/bryantanderson/go-job-assessor/internal/setup/settings.go:50.2,51.16 2 0
github.com/bryantanderson/go-job-assessor/internal/setup/settings.go:51.16,52.13 1 0
github.com/bryantanderson/go-job-assessor/internal/setup/settings.go:55.2,82.18 15 0
