mode: set
github.com/bryantanderson/go-job-assessor/internal/database/assess.go:21.81,28.2 1 0
github.com/bryantanderson/go-job-assessor/internal/database/assess.go:30.60,34.16 3 0
github.com/bryantanderson/go-job-assessor/internal/database/assess.go:34.16,37.3 2 0
github.com/bryantanderson/go-job-assessor/internal/database/assess.go:39.2,41.12 3 0
github.com/bryantanderson/go-job-assessor/internal/database/assess.go:44.76,48.2 3 0
github.com/bryantanderson/go-job-assessor/internal/database/assess.go:50.85,54.2 3 0
github.com/bryantanderson/go-job-assessor/internal/database/assess.go:56.83,60.2 3 0
github.com/bryantanderson/go-job-assessor/internal/database/assess.go:62.87,70.27 2 0
github.com/bryantanderson/go-job-assessor/internal/database/assess.go:70.27,74.3 1 0
github.com/bryantanderson/go-job-assessor/internal/database/assess.go:75.2,77.16 2 0
github.com/bryantanderson/go-job-assessor/internal/database/assess.go:77.16,80.3 2 0
github.com/bryantanderson/go-job-assessor/internal/database/assess.go:82.2,85.36 3 0
github.com/bryantanderson/go-job-assessor/internal/database/assess.go:85.36,89.3 3 0
github.com/bryantanderson/go-job-assessor/internal/database/assess.go:91.2,91.30 1 0
github.com/bryantanderson/go-job-assessor/internal/database/assess.go:94.51,98.16 2 0
github.com/bryantanderson/go-job-assessor/internal/database/assess.go:98.16,101.3 2 0
github.com/bryantanderson/go-job-assessor/internal/database/assess.go:104.2,107.16 3 0
github.com/bryantanderson/go-job-assessor/internal/database/assess.go:107.16,110.3 2 0
github.com/bryantanderson/go-job-assessor/internal/database/assess.go:113.2,114.12 2 0
github.com/bryantanderson/go-job-assessor/internal/database/assess.go:117.65,119.2 1 0
github.com/bryantanderson/go-job-assessor/internal/database/candidate.go:16.61,21.2 1 0
github.com/bryantanderson/go-job-assessor/internal/database/candidate.go:23.62,25.16 2 0
github.com/bryantanderson/go-job-assessor/internal/database/candidate.go:25.16,27.3 1 0
github.com/bryantanderson/go-job-assessor/internal/database/candidate.go:28.2,29.12 2 0
github.com/bryantanderson/go-job-assessor/internal/database/candidate.go:32.75,35.16 3 0
github.com/bryantanderson/go-job-assessor/internal/database/candidate.go:35.16,38.3 2 0
github.com/bryantanderson/go-job-assessor/internal/database/candidate.go:39.2,39.24 1 0
github.com/bryantanderson/go-job-assessor/internal/database/candidate.go:42.50,45.2 2 0
github.com/bryantanderson/go-job-assessor/internal/database/candidate.go:47.60,49.2 1 0
github.com/bryantanderson/go-job-assessor/internal/database/common.go:5.67,7.2 1 0
github.com/bryantanderson/go-job-assessor/internal/database/db.go:24.72,30.2 5 0
github.com/bryantanderson/go-job-assessor/internal/database/db.go:32.28,35.16 3 0
github.com/bryantanderson/go-job-assessor/internal/database/db.go:35.16,37.40 2 0
github.com/bryantanderson/go-job-assessor/internal/database/db.go:38.8,40.3 1 0
github.com/bryantanderson/go-job-assessor/internal/database/db.go:43.34,44.67 1 0
github.com/bryantanderson/go-job-assessor/internal/database/db.go:44.67,46.3 1 0
github.com/bryantanderson/go-job-assessor/internal/database/db.go:47.2,47.12 1 0
github.com/bryantanderson/go-job-assessor/internal/database/dummy.go:16.53,22.2 1 0
github.com/bryantanderson/go-job-assessor/internal/database/dummy.go:24.58,27.2 2 0
github.com/bryantanderson/go-job-assessor/internal/database/dummy.go:29.67,33.2 3 0
github.com/bryantanderson/go-job-assessor/internal/database/dummy.go:35.89,39.2 3 0
github.com/bryantanderson/go-job-assessor/internal/database/dummy.go:41.50,44.2 2 0
github.com/bryantanderson/go-job-assessor/internal/database/dummy.go:46.56,48.2 1 0
github.com/bryantanderson/go-job-assessor/internal/database/elastic.go:28.84,35.16 2 0
github.com/bryantanderson/go-job-assessor/internal/database/elastic.go:35.16,36.13 1 0
github.com/bryantanderson/go-job-assessor/internal/database/elastic.go:38.2,44.36 3 0
github.com/bryantanderson/go-job-assessor/internal/database/elastic.go:44.36,47.17 2 0
github.com/bryantanderson/go-job-assessor/internal/database/elastic.go:47.17,48.55 1 0
github.com/bryantanderson/go-job-assessor/internal/database/elastic.go:48.55,50.5 1 0
github.com/bryantanderson/go-job-assessor/internal/database/elastic.go:50.10,52.5 1 0
github.com/bryantanderson/go-job-assessor/internal/database/elastic.go:56.2,56.16 1 0
github.com/bryantanderson/go-job-assessor/internal/database/elastic.go:59.78,64.2 4 0
github.com/bryantanderson/go-job-assessor/internal/database/elastic.go:66.88,71.2 4 0
github.com/bryantanderson/go-job-assessor/internal/database/elastic.go:73.99,78.2 4 0
github.com/bryantanderson/go-job-assessor/internal/database/elastic.go:80.105,85.2 4 0
github.com/bryantanderson/go-job-assessor/internal/database/elastic.go:87.129,92.2 4 0
github.com/bryantanderson/go-job-assessor/internal/database/elastic.go:94.119,99.2 4 0
github.com/bryantanderson/go-job-assessor/internal/database/job.go:20.75,26.2 1 0
github.com/bryantanderson/go-job-assessor/internal/database/job.go:28.50,31.16 2 0
github.com/bryantanderson/go-job-assessor/internal/database/job.go:31.16,34.3 2 0
github.com/bryantanderson/go-job-assessor/internal/database/job.go:36.2,38.12 3 0
github.com/bryantanderson/go-job-assessor/internal/database/job.go:41.77,49.27 2 0
github.com/bryantanderson/go-job-assessor/internal/database/job.go:49.27,53.3 1 0
github.com/bryantanderson/go-job-assessor/internal/database/job.go:54.2,56.16 2 0
github.com/bryantanderson/go-job-assessor/internal/database/job.go:56.16,59.3 2 0
github.com/bryantanderson/go-job-assessor/internal/database/job.go:61.2,64.36 3 0
github.com/bryantanderson/go-job-assessor/internal/database/job.go:64.36,68.3 3 0
github.com/bryantanderson/go-job-assessor/internal/database/job.go:70.2,70.23 1 0
github.com/bryantanderson/go-job-assessor/internal/database/job.go:73.54,75.2 1 0
github.com/bryantanderson/go-job-assessor/internal/setup/llm.go:15.62,26.2 4 0
github.com/bryantanderson/go-job-assessor/internal/setup/llm.go:28.75,40.2 5 0
github.com/bryantanderson/go-job-assessor/internal/setup/llm.go:43.91,55.2 1 0
github.com/bryantanderson/go-job-assessor/internal/setup/settings.go:33.53,36.16 2 0
github.com/bryantanderson/go-job-assessor/internal/setup/settings.go:36.16,37.13 1 0
github.com/bryantanderson/go-job-assessor/internal/setup/settings.go:40.2,45.16 4 0
github.com/bryantanderson/go-job-assessor/internal/setup/settings.go:45.16,46.13 1 0
github.com/bryantanderson/go-job-assessor/internal/setup/settings.go:48.2,49.16 2 0
github.com/bryantanderson/go-job-assessor/internal/setup/settings.go:49.16,50.13 1 0
github.com/bryantanderson/go-job-assessor/internal/setup/settings.go:53.2,78.18 14 0
github.com/bryantanderson/go-job-assessor/internal/handlers/assess.go:13.41,15.2 2 0
github.com/bryantanderson/go-job-assessor/internal/handlers/assess.go:15.2,18.3 2 0
github.com/bryantanderson/go-job-assessor/internal/handlers/assess.go:32.56,33.30 1 0
github.com/bryantanderson/go-job-assessor/internal/handlers/assess.go:33.30,37.34 3 0
github.com/bryantanderson/go-job-assessor/internal/handlers/assess.go:37.34,40.4 2 0
github.com/bryantanderson/go-job-assessor/internal/handlers/assess.go:42.3,42.17 1 0
github.com/bryantanderson/go-job-assessor/internal/handlers/assess.go:42.17,45.4 2 0
github.com/bryantanderson/go-job-assessor/internal/handlers/assess.go:47.3,47.36 1 0
github.com/bryantanderson/go-job-assessor/internal/handlers/assess.go:62.58,63.30 1 0
github.com/bryantanderson/go-job-assessor/internal/handlers/assess.go:63.30,72.32 5 0
github.com/bryantanderson/go-job-assessor/internal/handlers/assess.go:72.32,77.22 3 0
github.com/bryantanderson/go-job-assessor/internal/handlers/assess.go:77.22,78.13 1 0
github.com/bryantanderson/go-job-assessor/internal/handlers/assess.go:81.4,81.19 1 0
github.com/bryantanderson/go-job-assessor/internal/handlers/assess.go:84.3,86.17 2 0
github.com/bryantanderson/go-job-assessor/internal/handlers/assess.go:86.17,89.4 2 0
github.com/bryantanderson/go-job-assessor/internal/handlers/assess.go:91.3,91.37 1 0
github.com/bryantanderson/go-job-assessor/internal/handlers/candidate.go:12.44,14.2 2 0
github.com/bryantanderson/go-job-assessor/internal/handlers/candidate.go:14.2,18.3 3 0
github.com/bryantanderson/go-job-assessor/internal/handlers/candidate.go:32.58,33.30 1 0
github.com/bryantanderson/go-job-assessor/internal/handlers/candidate.go:33.30,36.48 2 0
github.com/bryantanderson/go-job-assessor/internal/handlers/candidate.go:36.48,39.4 2 0
github.com/bryantanderson/go-job-assessor/internal/handlers/candidate.go:41.3,43.17 2 0
github.com/bryantanderson/go-job-assessor/internal/handlers/candidate.go:43.17,46.4 2 0
github.com/bryantanderson/go-job-assessor/internal/handlers/candidate.go:48.3,48.35 1 0
github.com/bryantanderson/go-job-assessor/internal/handlers/candidate.go:63.55,64.30 1 0
github.com/bryantanderson/go-job-assessor/internal/handlers/candidate.go:64.30,68.34 3 0
github.com/bryantanderson/go-job-assessor/internal/handlers/candidate.go:68.34,71.4 2 0
github.com/bryantanderson/go-job-assessor/internal/handlers/candidate.go:73.3,73.17 1 0
github.com/bryantanderson/go-job-assessor/internal/handlers/candidate.go:73.17,76.4 2 0
github.com/bryantanderson/go-job-assessor/internal/handlers/candidate.go:78.3,78.35 1 0
github.com/bryantanderson/go-job-assessor/internal/handlers/candidate.go:91.58,92.30 1 0
github.com/bryantanderson/go-job-assessor/internal/handlers/candidate.go:92.30,96.17 3 0
github.com/bryantanderson/go-job-assessor/internal/handlers/candidate.go:96.17,99.4 2 0
github.com/bryantanderson/go-job-assessor/internal/handlers/candidate.go:101.3,101.65 1 0
github.com/bryantanderson/go-job-assessor/internal/handlers/common.go:13.53,16.2 2 0
github.com/bryantanderson/go-job-assessor/internal/handlers/common.go:18.50,21.2 2 0
github.com/bryantanderson/go-job-assessor/internal/handlers/common.go:23.28,25.2 1 0
github.com/bryantanderson/go-job-assessor/internal/handlers/common.go:27.36,31.37 2 0
github.com/bryantanderson/go-job-assessor/internal/handlers/common.go:31.37,33.3 1 0
github.com/bryantanderson/go-job-assessor/internal/handlers/common.go:35.2,38.13 2 0
github.com/bryantanderson/go-job-assessor/internal/handlers/common.go:38.13,40.3 1 0
github.com/bryantanderson/go-job-assessor/internal/handlers/common.go:41.2,41.30 1 0
github.com/bryantanderson/go-job-assessor/internal/handlers/dummy.go:12.40,14.2 2 0
github.com/bryantanderson/go-job-assessor/internal/handlers/dummy.go:14.2,19.3 4 0
github.com/bryantanderson/go-job-assessor/internal/handlers/dummy.go:33.54,34.30 1 0
github.com/bryantanderson/go-job-assessor/internal/handlers/dummy.go:34.30,37.48 2 0
github.com/bryantanderson/go-job-assessor/internal/handlers/dummy.go:37.48,40.4 2 0
github.com/bryantanderson/go-job-assessor/internal/handlers/dummy.go:42.3,44.17 2 0
github.com/bryantanderson/go-job-assessor/internal/handlers/dummy.go:44.17,47.4 2 0
github.com/bryantanderson/go-job-assessor/internal/handlers/dummy.go:49.3,49.37 1 0
github.com/bryantanderson/go-job-assessor/internal/handlers/dummy.go:64.51,65.30 1 0
github.com/bryantanderson/go-job-assessor/internal/handlers/dummy.go:65.30,69.34 3 0
github.com/bryantanderson/go-job-assessor/internal/handlers/dummy.go:69.34,72.4 2 0
github.com/bryantanderson/go-job-assessor/internal/handlers/dummy.go:74.3,74.17 1 0
github.com/bryantanderson/go-job-assessor/internal/handlers/dummy.go:74.17,77.4 2 0
github.com/bryantanderson/go-job-assessor/internal/handlers/dummy.go:79.3,79.32 1 0
github.com/bryantanderson/go-job-assessor/internal/handlers/dummy.go:95.54,96.30 1 0
github.com/bryantanderson/go-job-assessor/internal/handlers/dummy.go:96.30,99.48 2 0
github.com/bryantanderson/go-job-assessor/internal/handlers/dummy.go:99.48,102.4 2 0
github.com/bryantanderson/go-job-assessor/internal/handlers/dummy.go:104.3,107.17 3 0
github.com/bryantanderson/go-job-assessor/internal/handlers/dummy.go:107.17,110.4 2 0
github.com/bryantanderson/go-job-assessor/internal/handlers/dummy.go:112.3,112.39 1 0
github.com/bryantanderson/go-job-assessor/internal/handlers/dummy.go:125.54,126.30 1 0
github.com/bryantanderson/go-job-assessor/internal/handlers/dummy.go:126.30,130.17 3 0
github.com/bryantanderson/go-job-assessor/internal/handlers/dummy.go:130.17,133.4 2 0
github.com/bryantanderson/go-job-assessor/internal/handlers/dummy.go:135.3,135.61 1 0
github.com/bryantanderson/go-job-assessor/internal/handlers/health.go:8.41,10.2 1 0
github.com/bryantanderson/go-job-assessor/internal/handlers/health.go:20.54,21.30 1 0
github.com/bryantanderson/go-job-assessor/internal/handlers/health.go:21.30,23.3 1 0
github.com/bryantanderson/go-job-assessor/internal/handlers/instrument.go:8.45,10.2 1 0
github.com/bryantanderson/go-job-assessor/internal/handlers/scrape.go:12.41,14.2 2 0
github.com/bryantanderson/go-job-assessor/internal/handlers/scrape.go:14.2,17.3 2 0
github.com/bryantanderson/go-job-assessor/internal/handlers/scrape.go:30.53,31.30 1 0
github.com/bryantanderson/go-job-assessor/internal/handlers/scrape.go:31.30,34.52 2 0
github.com/bryantanderson/go-job-assessor/internal/handlers/scrape.go:34.52,37.4 2 0
github.com/bryantanderson/go-job-assessor/internal/handlers/scrape.go:39.3,40.37 2 0
github.com/bryantanderson/go-job-assessor/internal/handlers/scrape.go:55.56,56.30 1 0
github.com/bryantanderson/go-job-assessor/internal/handlers/scrape.go:56.30,59.19 2 0
github.com/bryantanderson/go-job-assessor/internal/handlers/scrape.go:59.19,62.4 2 0
github.com/bryantanderson/go-job-assessor/internal/handlers/scrape.go:64.3,66.25 2 0
github.com/bryantanderson/go-job-assessor/internal/handlers/scrape.go:66.25,69.4 2 0
github.com/bryantanderson/go-job-assessor/internal/handlers/scrape.go:71.3,71.37 1 0
github.com/bryantanderson/go-job-assessor/internal/handlers/server.go:27.61,33.2 2 0
github.com/bryantanderson/go-job-assessor/internal/handlers/server.go:39.3,95.2 26 0
github.com/bryantanderson/go-job-assessor/internal/handlers/server.go:97.26,99.2 1 0
github.com/bryantanderson/go-job-assessor/cmd/api/main.go:16.31,45.83 12 0
github.com/bryantanderson/go-job-assessor/cmd/api/main.go:45.83,47.3 1 0
github.com/bryantanderson/go-job-assessor/cmd/api/main.go:50.13,53.2 2 0
github.com/bryantanderson/go-job-assessor/internal/middleware/error.go:8.35,11.33 2 0
github.com/bryantanderson/go-job-assessor/internal/middleware/error.go:11.33,13.3 1 0
github.com/bryantanderson/go-job-assessor/docs/docs.go:760.13,762.2 1 0
github.com/bryantanderson/go-job-assessor/internal/services/assess.go:115.20,126.2 3 0
github.com/bryantanderson/go-job-assessor/internal/services/assess.go:128.49,129.20 1 0
github.com/bryantanderson/go-job-assessor/internal/services/assess.go:129.20,133.36 4 0
github.com/bryantanderson/go-job-assessor/internal/services/assess.go:133.36,135.4 1 0
github.com/bryantanderson/go-job-assessor/internal/services/assess.go:136.3,136.68 1 0
github.com/bryantanderson/go-job-assessor/internal/services/assess.go:138.2,138.34 1 0
github.com/bryantanderson/go-job-assessor/internal/services/assess.go:141.62,143.6 2 0
github.com/bryantanderson/go-job-assessor/internal/services/assess.go:143.6,146.10 2 0
github.com/bryantanderson/go-job-assessor/internal/services/assess.go:146.10,148.9 1 0
github.com/bryantanderson/go-job-assessor/internal/services/assess.go:151.3,154.17 3 0
github.com/bryantanderson/go-job-assessor/internal/services/assess.go:154.17,156.12 2 0
github.com/bryantanderson/go-job-assessor/internal/services/assess.go:159.3,159.29 1 0
github.com/bryantanderson/go-job-assessor/internal/services/assess.go:163.67,174.16 4 0
github.com/bryantanderson/go-job-assessor/internal/services/assess.go:174.16,177.3 2 0
github.com/bryantanderson/go-job-assessor/internal/services/assess.go:181.2,192.10 8 0
github.com/bryantanderson/go-job-assessor/internal/services/assess.go:192.10,192.47 1 0
github.com/bryantanderson/go-job-assessor/internal/services/assess.go:193.10,193.59 1 0
github.com/bryantanderson/go-job-assessor/internal/services/assess.go:194.10,194.63 1 0
github.com/bryantanderson/go-job-assessor/internal/services/assess.go:195.10,195.64 1 0
github.com/bryantanderson/go-job-assessor/internal/services/assess.go:196.10,196.91 1 0
github.com/bryantanderson/go-job-assessor/internal/services/assess.go:197.10,197.81 1 0
github.com/bryantanderson/go-job-assessor/internal/services/assess.go:199.2,199.26 1 0
github.com/bryantanderson/go-job-assessor/internal/services/assess.go:199.26,202.3 2 0
github.com/bryantanderson/go-job-assessor/internal/services/assess.go:203.2,203.12 1 0
github.com/bryantanderson/go-job-assessor/internal/services/assess.go:203.12,206.3 2 0
github.com/bryantanderson/go-job-assessor/internal/services/assess.go:212.2,212.9 1 0
github.com/bryantanderson/go-job-assessor/internal/services/assess.go:213.24,215.11 2 0
github.com/bryantanderson/go-job-assessor/internal/services/assess.go:217.20,218.31 1 0
github.com/bryantanderson/go-job-assessor/internal/services/assess.go:220.33,222.11 2 0
github.com/bryantanderson/go-job-assessor/internal/services/assess.go:224.16,229.17 4 0
github.com/bryantanderson/go-job-assessor/internal/services/assess.go:229.17,231.4 1 0
github.com/bryantanderson/go-job-assessor/internal/services/assess.go:235.77,238.2 2 0
github.com/bryantanderson/go-job-assessor/internal/services/assess.go:240.93,242.2 1 0
github.com/bryantanderson/go-job-assessor/internal/services/assess.go:244.69,248.41 2 0
github.com/bryantanderson/go-job-assessor/internal/services/assess.go:248.41,250.3 1 0
github.com/bryantanderson/go-job-assessor/internal/services/assess.go:252.2,265.16 5 0
github.com/bryantanderson/go-job-assessor/internal/services/assess.go:265.16,268.3 2 0
github.com/bryantanderson/go-job-assessor/internal/services/assess.go:270.2,274.21 2 0
github.com/bryantanderson/go-job-assessor/internal/services/assess.go:277.70,279.2 1 0
github.com/bryantanderson/go-job-assessor/internal/services/assess.go:281.64,283.2 1 0
github.com/bryantanderson/go-job-assessor/internal/services/assess.go:293.3,298.16 4 0
github.com/bryantanderson/go-job-assessor/internal/services/assess.go:298.16,302.3 3 0
github.com/bryantanderson/go-job-assessor/internal/services/assess.go:304.2,306.16 2 0
github.com/bryantanderson/go-job-assessor/internal/services/assess.go:306.16,310.3 3 0
github.com/bryantanderson/go-job-assessor/internal/services/assess.go:312.2,328.9 3 0
github.com/bryantanderson/go-job-assessor/internal/services/assess.go:329.20,331.9 2 0
github.com/bryantanderson/go-job-assessor/internal/services/assess.go:332.10,335.17 2 0
github.com/bryantanderson/go-job-assessor/internal/services/assess.go:335.17,339.4 3 0
github.com/bryantanderson/go-job-assessor/internal/services/assess.go:342.2,345.41 4 0
github.com/bryantanderson/go-job-assessor/internal/services/assess.go:350.3,355.16 4 0
github.com/bryantanderson/go-job-assessor/internal/services/assess.go:355.16,359.3 3 0
github.com/bryantanderson/go-job-assessor/internal/services/assess.go:361.2,374.9 3 0
github.com/bryantanderson/go-job-assessor/internal/services/assess.go:375.20,377.9 2 0
github.com/bryantanderson/go-job-assessor/internal/services/assess.go:378.10,381.17 2 0
github.com/bryantanderson/go-job-assessor/internal/services/assess.go:381.17,385.4 3 0
github.com/bryantanderson/go-job-assessor/internal/services/assess.go:388.2,391.42 4 0
github.com/bryantanderson/go-job-assessor/internal/services/assess.go:396.3,399.32 3 0
github.com/bryantanderson/go-job-assessor/internal/services/assess.go:399.32,402.3 2 0
github.com/bryantanderson/go-job-assessor/internal/services/assess.go:402.8,402.63 1 0
github.com/bryantanderson/go-job-assessor/internal/services/assess.go:402.63,405.3 2 0
github.com/bryantanderson/go-job-assessor/internal/services/assess.go:407.2,420.9 3 0
github.com/bryantanderson/go-job-assessor/internal/services/assess.go:421.20,423.9 2 0
github.com/bryantanderson/go-job-assessor/internal/services/assess.go:424.10,427.17 2 0
github.com/bryantanderson/go-job-assessor/internal/services/assess.go:427.17,431.4 3 0
github.com/bryantanderson/go-job-assessor/internal/services/assess.go:434.2,437.37 4 0
github.com/bryantanderson/go-job-assessor/internal/services/assess.go:440.66,447.2 4 0
github.com/bryantanderson/go-job-assessor/internal/services/assess.go:451.3,456.16 4 0
github.com/bryantanderson/go-job-assessor/internal/services/assess.go:456.16,460.3 3 0
github.com/bryantanderson/go-job-assessor/internal/services/assess.go:462.2,464.16 2 0
github.com/bryantanderson/go-job-assessor/internal/services/assess.go:464.16,468.3 3 0
github.com/bryantanderson/go-job-assessor/internal/services/assess.go:470.2,481.9 3 0
github.com/bryantanderson/go-job-assessor/internal/services/assess.go:482.20,484.9 2 0
github.com/bryantanderson/go-job-assessor/internal/services/assess.go:485.10,488.17 2 0
github.com/bryantanderson/go-job-assessor/internal/services/assess.go:488.17,492.4 3 0
github.com/bryantanderson/go-job-assessor/internal/services/assess.go:495.2,498.45 4 0
github.com/bryantanderson/go-job-assessor/internal/services/assess.go:503.3,508.16 4 0
github.com/bryantanderson/go-job-assessor/internal/services/assess.go:508.16,512.3 3 0
github.com/bryantanderson/go-job-assessor/internal/services/assess.go:514.2,516.16 2 0
github.com/bryantanderson/go-job-assessor/internal/services/assess.go:516.16,520.3 3 0
github.com/bryantanderson/go-job-assessor/internal/services/assess.go:522.2,532.9 3 0
github.com/bryantanderson/go-job-assessor/internal/services/assess.go:533.20,535.9 2 0
github.com/bryantanderson/go-job-assessor/internal/services/assess.go:536.10,539.17 2 0
github.com/bryantanderson/go-job-assessor/internal/services/assess.go:539.17,543.4 3 0
github.com/bryantanderson/go-job-assessor/internal/services/assess.go:546.2,548.16 3 0
github.com/bryantanderson/go-job-assessor/internal/services/assess.go:553.3,557.59 4 0
github.com/bryantanderson/go-job-assessor/internal/services/assess.go:557.59,560.56 3 0
github.com/bryantanderson/go-job-assessor/internal/services/assess.go:560.56,562.4 1 0
github.com/bryantanderson/go-job-assessor/internal/services/assess.go:563.3,565.23 3 0
github.com/bryantanderson/go-job-assessor/internal/services/assess.go:567.2,572.39 5 0
github.com/bryantanderson/go-job-assessor/internal/services/assess.go:577.53,582.72 5 0
github.com/bryantanderson/go-job-assessor/internal/services/assess.go:582.72,584.3 1 0
github.com/bryantanderson/go-job-assessor/internal/services/assess.go:585.2,585.76 1 0
github.com/bryantanderson/go-job-assessor/internal/services/assess.go:585.76,587.3 1 0
github.com/bryantanderson/go-job-assessor/internal/services/assess.go:588.2,588.29 1 0
github.com/bryantanderson/go-job-assessor/internal/services/assess.go:588.29,590.3 1 0
github.com/bryantanderson/go-job-assessor/internal/services/assess.go:591.2,591.23 1 0
github.com/bryantanderson/go-job-assessor/internal/services/assess.go:591.23,593.3 1 0
github.com/bryantanderson/go-job-assessor/internal/services/assess.go:594.2,594.45 1 0
github.com/bryantanderson/go-job-assessor/internal/services/assess.go:594.45,596.3 1 0
github.com/bryantanderson/go-job-assessor/internal/services/assess.go:597.2,598.35 2 0
github.com/bryantanderson/go-job-assessor/internal/services/candidate.go:56.73,60.2 1 1
github.com/bryantanderson/go-job-assessor/internal/services/candidate.go:62.83,65.31 2 1
github.com/bryantanderson/go-job-assessor/internal/services/candidate.go:65.31,70.3 2 1
github.com/bryantanderson/go-job-assessor/internal/services/candidate.go:72.2,82.16 3 1
github.com/bryantanderson/go-job-assessor/internal/services/candidate.go:82.16,85.3 2 1
github.com/bryantanderson/go-job-assessor/internal/services/candidate.go:87.2,87.24 1 1
github.com/bryantanderson/go-job-assessor/internal/services/candidate.go:90.72,93.16 2 1
github.com/bryantanderson/go-job-assessor/internal/services/candidate.go:93.16,96.3 2 1
github.com/bryantanderson/go-job-assessor/internal/services/candidate.go:98.2,98.23 1 1
github.com/bryantanderson/go-job-assessor/internal/services/candidate.go:101.61,103.2 1 1
github.com/bryantanderson/go-job-assessor/internal/services/common.go:9.33,10.16 1 0
github.com/bryantanderson/go-job-assessor/internal/services/common.go:10.16,11.13 1 0
github.com/bryantanderson/go-job-assessor/internal/services/common.go:15.60,17.55 1 0
github.com/bryantanderson/go-job-assessor/internal/services/common.go:17.55,19.3 1 0
github.com/bryantanderson/go-job-assessor/internal/services/common.go:20.2,20.16 1 0
github.com/bryantanderson/go-job-assessor/internal/services/common.go:23.51,25.16 2 0
github.com/bryantanderson/go-job-assessor/internal/services/common.go:25.16,27.3 1 0
github.com/bryantanderson/go-job-assessor/internal/services/common.go:28.2,28.31 1 0
github.com/bryantanderson/go-job-assessor/internal/services/common.go:31.51,33.2 1 0
github.com/bryantanderson/go-job-assessor/internal/services/dummy.go:27.61,31.2 1 1
github.com/bryantanderson/go-job-assessor/internal/services/dummy.go:33.67,39.16 3 1
github.com/bryantanderson/go-job-assessor/internal/services/dummy.go:39.16,41.3 1 0
github.com/bryantanderson/go-job-assessor/internal/services/dummy.go:42.2,42.20 1 1
github.com/bryantanderson/go-job-assessor/internal/services/dummy.go:45.60,47.16 2 1
github.com/bryantanderson/go-job-assessor/internal/services/dummy.go:47.16,49.3 1 1
github.com/bryantanderson/go-job-assessor/internal/services/dummy.go:50.2,50.19 1 1
github.com/bryantanderson/go-job-assessor/internal/services/dummy.go:53.78,55.16 2 1
github.com/bryantanderson/go-job-assessor/internal/services/dummy.go:55.16,57.3 1 0
github.com/bryantanderson/go-job-assessor/internal/services/dummy.go:58.2,58.26 1 1
github.com/bryantanderson/go-job-assessor/internal/services/dummy.go:61.53,64.2 2 1
github.com/bryantanderson/go-job-assessor/internal/services/event.go:36.91,60.2 11 0
github.com/bryantanderson/go-job-assessor/internal/services/event.go:62.54,64.2 1 0
github.com/bryantanderson/go-job-assessor/internal/services/event.go:66.36,67.33 1 0
github.com/bryantanderson/go-job-assessor/internal/services/event.go:67.33,69.3 1 0
github.com/bryantanderson/go-job-assessor/internal/services/event.go:72.50,74.9 2 0
github.com/bryantanderson/go-job-assessor/internal/services/event.go:74.9,77.3 2 0
github.com/bryantanderson/go-job-assessor/internal/services/event.go:79.2,88.16 5 0
github.com/bryantanderson/go-job-assessor/internal/services/event.go:88.16,90.3 1 0
github.com/bryantanderson/go-job-assessor/internal/services/event.go:93.83,95.6 2 0
github.com/bryantanderson/go-job-assessor/internal/services/event.go:95.6,97.17 2 0
github.com/bryantanderson/go-job-assessor/internal/services/event.go:97.17,99.4 1 0
github.com/bryantanderson/go-job-assessor/internal/services/event.go:100.3,100.30 1 0
github.com/bryantanderson/go-job-assessor/internal/services/event.go:100.30,103.19 2 0
github.com/bryantanderson/go-job-assessor/internal/services/event.go:103.19,105.5 1 0
github.com/bryantanderson/go-job-assessor/internal/services/event.go:107.4,112.18 4 0
github.com/bryantanderson/go-job-assessor/internal/services/event.go:112.18,114.5 1 0
github.com/bryantanderson/go-job-assessor/internal/services/event.go:119.91,121.8 2 0
github.com/bryantanderson/go-job-assessor/internal/services/event.go:121.8,123.3 1 0
github.com/bryantanderson/go-job-assessor/internal/services/event.go:124.2,124.46 1 0
github.com/bryantanderson/go-job-assessor/internal/services/event.go:127.94,138.2 6 0
github.com/bryantanderson/go-job-assessor/internal/services/event.go:140.36,141.34 1 0
github.com/bryantanderson/go-job-assessor/internal/services/event.go:141.34,143.3 1 0
github.com/bryantanderson/go-job-assessor/internal/services/event.go:144.2,144.37 1 0
github.com/bryantanderson/go-job-assessor/internal/services/event.go:144.37,146.3 1 0
github.com/bryantanderson/go-job-assessor/internal/services/event.go:147.2,147.32 1 0
github.com/bryantanderson/go-job-assessor/internal/services/job.go:55.15,66.2 3 0
github.com/bryantanderson/go-job-assessor/internal/services/job.go:68.44,69.20 1 0
github.com/bryantanderson/go-job-assessor/internal/services/job.go:69.20,73.36 4 0
github.com/bryantanderson/go-job-assessor/internal/services/job.go:73.36,75.4 1 0
github.com/bryantanderson/go-job-assessor/internal/services/job.go:76.3,76.68 1 0
github.com/bryantanderson/go-job-assessor/internal/services/job.go:78.2,78.34 1 0
github.com/bryantanderson/go-job-assessor/internal/services/job.go:81.57,83.6 2 0
github.com/bryantanderson/go-job-assessor/internal/services/job.go:83.6,87.10 3 0
github.com/bryantanderson/go-job-assessor/internal/services/job.go:87.10,89.9 1 0
github.com/bryantanderson/go-job-assessor/internal/services/job.go:92.3,92.30 1 0
github.com/bryantanderson/go-job-assessor/internal/services/job.go:96.55,107.16 4 0
github.com/bryantanderson/go-job-assessor/internal/services/job.go:107.16,110.3 2 0
github.com/bryantanderson/go-job-assessor/internal/services/job.go:112.2,114.16 2 0
github.com/bryantanderson/go-job-assessor/internal/services/job.go:114.16,117.3 2 0
github.com/bryantanderson/go-job-assessor/internal/services/job.go:119.2,124.32 2 0
github.com/bryantanderson/go-job-assessor/internal/services/job.go:127.70,130.16 2 0
github.com/bryantanderson/go-job-assessor/internal/services/job.go:130.16,133.3 2 0
github.com/bryantanderson/go-job-assessor/internal/services/job.go:135.2,146.16 4 0
github.com/bryantanderson/go-job-assessor/internal/services/job.go:146.16,149.3 2 0
github.com/bryantanderson/go-job-assessor/internal/services/job.go:151.2,154.16 3 0
github.com/bryantanderson/go-job-assessor/internal/services/job.go:154.16,157.3 2 0
github.com/bryantanderson/go-job-assessor/internal/services/job.go:159.2,159.12 1 0
github.com/bryantanderson/go-job-assessor/internal/services/job.go:162.74,164.2 1 0
github.com/bryantanderson/go-job-assessor/internal/services/scraper.go:40.105,47.2 2 0
github.com/bryantanderson/go-job-assessor/internal/services/scraper.go:49.79,58.64 4 0
github.com/bryantanderson/go-job-assessor/internal/services/scraper.go:58.64,60.96 1 0
github.com/bryantanderson/go-job-assessor/internal/services/scraper.go:60.96,65.4 3 0
github.com/bryantanderson/go-job-assessor/internal/services/scraper.go:68.2,68.66 1 0
github.com/bryantanderson/go-job-assessor/internal/services/scraper.go:68.66,76.49 6 0
github.com/bryantanderson/go-job-assessor/internal/services/scraper.go:76.49,79.4 2 0
github.com/bryantanderson/go-job-assessor/internal/services/scraper.go:81.3,88.13 6 0
github.com/bryantanderson/go-job-assessor/internal/services/scraper.go:88.13,91.18 2 0
github.com/bryantanderson/go-job-assessor/internal/services/scraper.go:91.18,94.5 2 0
github.com/bryantanderson/go-job-assessor/internal/services/scraper.go:96.4,101.47 2 0
github.com/bryantanderson/go-job-assessor/internal/services/scraper.go:105.2,106.13 2 0
github.com/bryantanderson/go-job-assessor/internal/services/scraper.go:109.91,116.16 5 0
github.com/bryantanderson/go-job-assessor/internal/services/scraper.go:116.16,118.3 1 0
github.com/bryantanderson/go-job-assessor/internal/services/scraper.go:120.2,120.32 1 0
github.com/bryantanderson/go-job-assessor/internal/services/scraper.go:120.32,128.35 5 0
github.com/bryantanderson/go-job-assessor/internal/services/scraper.go:128.35,129.12 1 0
github.com/bryantanderson/go-job-assessor/internal/services/scraper.go:132.3,135.25 3 0
github.com/bryantanderson/go-job-assessor/internal/services/scraper.go:137.2,137.12 1 0
github.com/bryantanderson/go-job-assessor/internal/services/scraper.go:140.69,141.42 1 0
github.com/bryantanderson/go-job-assessor/internal/services/scraper.go:141.42,143.3 1 0
github.com/bryantanderson/go-job-assessor/internal/services/scraper.go:144.2,144.44 1 0
github.com/bryantanderson/go-job-assessor/internal/services/scraper.go:144.44,146.3 1 0
github.com/bryantanderson/go-job-assessor/internal/services/scraper.go:147.2,147.43 1 0
github.com/bryantanderson/go-job-assessor/internal/services/scraper.go:147.43,149.3 1 0
github.com/bryantanderson/go-job-assessor/internal/services/scraper.go:150.2,150.52 1 0
github.com/bryantanderson/go-job-assessor/internal/services/scraper.go:150.52,152.3 1 0
github.com/bryantanderson/go-job-assessor/internal/services/scraper.go:155.69,157.8 2 0
github.com/bryantanderson/go-job-assessor/internal/services/scraper.go:157.8,159.3 1 0
github.com/bryantanderson/go-job-assessor/internal/services/scraper.go:160.2,163.21 4 0
github.com/bryantanderson/go-job-assessor/internal/setup/llm.go:15.62,26.2 4 0
github.com/bryantanderson/go-job-assessor/internal/setup/llm.go:28.75,40.2 5 0
github.com/bryantanderson/go-job-assessor/internal/setup/llm.go:43.91,55.2 1 0
github.com/bryantanderson/go-job-assessor/internal/setup/settings.go:33.53,36.16 2 0
github.com/bryantanderson/go-job-assessor/internal/setup/settings.go:36.16,37.13 1 0
github.com/bryantanderson/go-job-assessor/internal/setup/settings.go:40.2,45.16 4 0
github.com/bryantanderson/go-job-assessor/internal/setup/settings.go:45.16,46.13 1 0
github.com/bryantanderson/go-job-assessor/internal/setup/settings.go:48.2,49.16 2 0
github.com/bryantanderson/go-job-assessor/internal/setup/settings.go:49.16,50.13 1 0
github.com/bryantanderson/go-job-assessor/internal/setup/settings.go:53.2,78.18 14 0
